-----------------------------------------------------------------------------------
DateTime: 27.05.2026 11:28:32:140 -07:00; PID: 25288
This file contains the stderr stream of the Minecraft process logged to a file.
It does not include stdout or log (log4j) messages to avoid performance impact.
-----------------------------------------------------------------------------------
[11:29:23:951] [STDERR]: java.lang.NoClassDefFoundError: moe/wolfgirl/probejs/lang/typescript/code/type/BaseType
[11:29:23:952] [STDERR]: 	at java.base/java.lang.Class.forName0(Native Method)
[11:29:23:952] [STDERR]: 	at java.base/java.lang.Class.forName(Class.java:421)
[11:29:23:952] [STDERR]: 	at java.base/java.lang.Class.forName(Class.java:412)
[11:29:23:952] [STDERR]: 	at TRANSFORMER/kubejs@2101.7.2-build.368/dev.latvian.mods.kubejs.plugin.KubeJSPlugins.lambda$loadFromFile$2(KubeJSPlugins.java:80)
[11:29:23:952] [STDERR]: 	at java.base/java.util.stream.ReferencePipeline$7$1.accept(ReferencePipeline.java:273)
[11:29:23:952] [STDERR]: 	at java.base/java.util.stream.ReferencePipeline$2$1.accept(ReferencePipeline.java:179)
[11:29:23:952] [STDERR]: 	at java.base/java.util.stream.ReferencePipeline$3$1.accept(ReferencePipeline.java:197)
[11:29:23:952] [STDERR]: 	at java.base/java.util.Iterator.forEachRemaining(Iterator.java:133)
[11:29:23:952] [STDERR]: 	at java.base/java.util.Spliterators$IteratorSpliterator.forEachRemaining(Spliterators.java:1939)
[11:29:23:952] [STDERR]: 	at java.base/java.util.stream.AbstractPipeline.copyInto(AbstractPipeline.java:509)
[11:29:23:952] [STDERR]: 	at java.base/java.util.stream.AbstractPipeline.wrapAndCopyInto(AbstractPipeline.java:499)
[11:29:23:952] [STDERR]: 	at java.base/java.util.stream.ForEachOps$ForEachOp.evaluateSequential(ForEachOps.java:151)
[11:29:23:952] [STDERR]: 	at java.base/java.util.stream.ForEachOps$ForEachOp$OfRef.evaluateSequential(ForEachOps.java:174)
[11:29:23:952] [STDERR]: 	at java.base/java.util.stream.AbstractPipeline.evaluate(AbstractPipeline.java:234)
[11:29:23:952] [STDERR]: 	at java.base/java.util.stream.ReferencePipeline.forEach(ReferencePipeline.java:596)
[11:29:23:952] [STDERR]: 	at TRANSFORMER/kubejs@2101.7.2-build.368/dev.latvian.mods.kubejs.plugin.KubeJSPlugins.loadFromFile(KubeJSPlugins.java:88)
[11:29:23:952] [STDERR]: 	at TRANSFORMER/kubejs@2101.7.2-build.368/dev.latvian.mods.kubejs.plugin.KubeJSPlugins.loadMod(KubeJSPlugins.java:41)
[11:29:23:952] [STDERR]: 	at TRANSFORMER/kubejs@2101.7.2-build.368/dev.latvian.mods.kubejs.plugin.KubeJSPlugins.load(KubeJSPlugins.java:29)
[11:29:23:952] [STDERR]: 	at TRANSFORMER/kubejs@2101.7.2-build.368/dev.latvian.mods.kubejs.KubeJS.<init>(KubeJS.java:122)
[11:29:23:952] [STDERR]: 	at java.base/jdk.internal.reflect.DirectConstructorHandleAccessor.newInstance(DirectConstructorHandleAccessor.java:62)
[11:29:23:952] [STDERR]: 	at java.base/java.lang.reflect.Constructor.newInstanceWithCaller(Constructor.java:502)
[11:29:23:952] [STDERR]: 	at java.base/java.lang.reflect.Constructor.newInstance(Constructor.java:486)
[11:29:23:952] [STDERR]: 	at MC-BOOTSTRAP/fml_loader@4.0.42/net.neoforged.fml.javafmlmod.FMLModContainer.constructMod(FMLModContainer.java:115)
[11:29:23:952] [STDERR]: 	at MC-BOOTSTRAP/fml_loader@4.0.42/net.neoforged.fml.ModLoader.lambda$constructMods$3(ModLoader.java:153)
[11:29:23:952] [STDERR]: 	at MC-BOOTSTRAP/fml_loader@4.0.42/net.neoforged.fml.ModLoader.lambda$dispatchParallelTask$7(ModLoader.java:231)
[11:29:23:952] [STDERR]: 	at java.base/java.util.concurrent.CompletableFuture.uniHandle(CompletableFuture.java:934)
[11:29:23:952] [STDERR]: 	at java.base/java.util.concurrent.CompletableFuture$UniHandle.tryFire(CompletableFuture.java:911)
[11:29:23:952] [STDERR]: 	at java.base/java.util.concurrent.CompletableFuture$Completion.exec(CompletableFuture.java:483)
[11:29:23:952] [STDERR]: 	at java.base/java.util.concurrent.ForkJoinTask.doExec(ForkJoinTask.java:387)
[11:29:23:952] [STDERR]: 	at java.base/java.util.concurrent.ForkJoinPool$WorkQueue.topLevelExec(ForkJoinPool.java:1312)
[11:29:23:952] [STDERR]: 	at java.base/java.util.concurrent.ForkJoinPool.scan(ForkJoinPool.java:1843)
[11:29:23:952] [STDERR]: 	at java.base/java.util.concurrent.ForkJoinPool.runWorker(ForkJoinPool.java:1808)
[11:29:23:952] [STDERR]: 	at java.base/java.util.concurrent.ForkJoinWorkerThread.run(ForkJoinWorkerThread.java:188)
[11:29:23:952] [STDERR]: Caused by: java.lang.ClassNotFoundException: moe.wolfgirl.probejs.lang.typescript.code.type.BaseType
[11:29:23:952] [STDERR]: 	at java.base/jdk.internal.loader.BuiltinClassLoader.loadClass(BuiltinClassLoader.java:641)
[11:29:23:952] [STDERR]: 	at java.base/java.lang.ClassLoader.loadClass(ClassLoader.java:526)
[11:29:23:952] [STDERR]: 	at cpw.mods.securejarhandler/cpw.mods.cl.ModuleClassLoader.loadClass(ModuleClassLoader.java:216)
[11:29:23:952] [STDERR]: 	at java.base/java.lang.ClassLoader.loadClass(ClassLoader.java:526)
[11:29:23:952] [STDERR]: 	at cpw.mods.securejarhandler/cpw.mods.cl.ModuleClassLoader.loadClass(ModuleClassLoader.java:216)
[11:29:23:952] [STDERR]: 	at java.base/java.lang.ClassLoader.loadClass(ClassLoader.java:526)
[11:29:23:952] [STDERR]: 	... 33 more
[11:29:23:957] [STDERR]: java.lang.NoClassDefFoundError: moe/wolfgirl/probejs/lang/typescript/code/type/BaseType
[11:29:23:958] [STDERR]: 	at java.base/java.lang.Class.forName0(Native Method)
[11:29:23:958] [STDERR]: 	at java.base/java.lang.Class.forName(Class.java:421)
[11:29:23:958] [STDERR]: 	at java.base/java.lang.Class.forName(Class.java:412)
[11:29:23:958] [STDERR]: 	at TRANSFORMER/kubejs@2101.7.2-build.368/dev.latvian.mods.kubejs.plugin.KubeJSPlugins.lambda$loadFromFile$2(KubeJSPlugins.java:80)
[11:29:23:958] [STDERR]: 	at java.base/java.util.stream.ReferencePipeline$7$1.accept(ReferencePipeline.java:273)
[11:29:23:958] [STDERR]: 	at java.base/java.util.stream.ReferencePipeline$2$1.accept(ReferencePipeline.java:179)
[11:29:23:958] [STDERR]: 	at java.base/java.util.stream.ReferencePipeline$3$1.accept(ReferencePipeline.java:197)
[11:29:23:958] [STDERR]: 	at java.base/java.util.Iterator.forEachRemaining(Iterator.java:133)
[11:29:23:958] [STDERR]: 	at java.base/java.util.Spliterators$IteratorSpliterator.forEachRemaining(Spliterators.java:1939)
[11:29:23:958] [STDERR]: 	at java.base/java.util.stream.AbstractPipeline.copyInto(AbstractPipeline.java:509)
[11:29:23:958] [STDERR]: 	at java.base/java.util.stream.AbstractPipeline.wrapAndCopyInto(AbstractPipeline.java:499)
[11:29:23:958] [STDERR]: 	at java.base/java.util.stream.ForEachOps$ForEachOp.evaluateSequential(ForEachOps.java:151)
[11:29:23:958] [STDERR]: 	at java.base/java.util.stream.ForEachOps$ForEachOp$OfRef.evaluateSequential(ForEachOps.java:174)
[11:29:23:958] [STDERR]: 	at java.base/java.util.stream.AbstractPipeline.evaluate(AbstractPipeline.java:234)
[11:29:23:958] [STDERR]: 	at java.base/java.util.stream.ReferencePipeline.forEach(ReferencePipeline.java:596)
[11:29:23:958] [STDERR]: 	at TRANSFORMER/kubejs@2101.7.2-build.368/dev.latvian.mods.kubejs.plugin.KubeJSPlugins.loadFromFile(KubeJSPlugins.java:88)
[11:29:23:958] [STDERR]: 	at TRANSFORMER/kubejs@2101.7.2-build.368/dev.latvian.mods.kubejs.plugin.KubeJSPlugins.loadMod(KubeJSPlugins.java:41)
[11:29:23:958] [STDERR]: 	at TRANSFORMER/kubejs@2101.7.2-build.368/dev.latvian.mods.kubejs.plugin.KubeJSPlugins.load(KubeJSPlugins.java:29)
[11:29:23:958] [STDERR]: 	at TRANSFORMER/kubejs@2101.7.2-build.368/dev.latvian.mods.kubejs.KubeJS.<init>(KubeJS.java:122)
[11:29:23:958] [STDERR]: 	at java.base/jdk.internal.reflect.DirectConstructorHandleAccessor.newInstance(DirectConstructorHandleAccessor.java:62)
[11:29:23:958] [STDERR]: 	at java.base/java.lang.reflect.Constructor.newInstanceWithCaller(Constructor.java:502)
[11:29:23:958] [STDERR]: 	at java.base/java.lang.reflect.Constructor.newInstance(Constructor.java:486)
[11:29:23:958] [STDERR]: 	at MC-BOOTSTRAP/fml_loader@4.0.42/net.neoforged.fml.javafmlmod.FMLModContainer.constructMod(FMLModContainer.java:115)
[11:29:23:958] [STDERR]: 	at MC-BOOTSTRAP/fml_loader@4.0.42/net.neoforged.fml.ModLoader.lambda$constructMods$3(ModLoader.java:153)
[11:29:23:958] [STDERR]: 	at MC-BOOTSTRAP/fml_loader@4.0.42/net.neoforged.fml.ModLoader.lambda$dispatchParallelTask$7(ModLoader.java:231)
[11:29:23:958] [STDERR]: 	at java.base/java.util.concurrent.CompletableFuture.uniHandle(CompletableFuture.java:934)
[11:29:23:958] [STDERR]: 	at java.base/java.util.concurrent.CompletableFuture$UniHandle.tryFire(CompletableFuture.java:911)
[11:29:23:958] [STDERR]: 	at java.base/java.util.concurrent.CompletableFuture$Completion.exec(CompletableFuture.java:483)
[11:29:23:958] [STDERR]: 	at java.base/java.util.concurrent.ForkJoinTask.doExec(ForkJoinTask.java:387)
[11:29:23:958] [STDERR]: 	at java.base/java.util.concurrent.ForkJoinPool$WorkQueue.topLevelExec(ForkJoinPool.java:1312)
[11:29:23:958] [STDERR]: 	at java.base/java.util.concurrent.ForkJoinPool.scan(ForkJoinPool.java:1843)
[11:29:23:958] [STDERR]: 	at java.base/java.util.concurrent.ForkJoinPool.runWorker(ForkJoinPool.java:1808)
[11:29:23:958] [STDERR]: 	at java.base/java.util.concurrent.ForkJoinWorkerThread.run(ForkJoinWorkerThread.java:188)
[11:29:23:959] [STDERR]: Caused by: java.lang.ClassNotFoundException: moe.wolfgirl.probejs.lang.typescript.code.type.BaseType
[11:29:23:960] [STDERR]: 	at java.base/jdk.internal.loader.BuiltinClassLoader.loadClass(BuiltinClassLoader.java:641)
[11:29:23:960] [STDERR]: 	at java.base/java.lang.ClassLoader.loadClass(ClassLoader.java:526)
[11:29:23:960] [STDERR]: 	at cpw.mods.securejarhandler/cpw.mods.cl.ModuleClassLoader.loadClass(ModuleClassLoader.java:216)
[11:29:23:960] [STDERR]: 	at java.base/java.lang.ClassLoader.loadClass(ClassLoader.java:526)
[11:29:23:960] [STDERR]: 	at cpw.mods.securejarhandler/cpw.mods.cl.ModuleClassLoader.loadClass(ModuleClassLoader.java:216)
[11:29:23:960] [STDERR]: 	at java.base/java.lang.ClassLoader.loadClass(ClassLoader.java:526)
[11:29:23:960] [STDERR]: 	... 33 more
[11:29:24:446] [STDERR]: May 27, 2026 11:29:24 AM guideme.internal.shaded.lucene.internal.vectorization.VectorizationProvider lookup
[11:29:24:446] [STDERR]: WARNING: You are running with unsupported Java 21. To make full use of the Vector API, please update Apache Lucene.
